version https://git-lfs.github.com/spec/v1
oid sha256:65344bc7cd8b8e34a6ac5d5985fc9b645b6a703d3c9e6e72c5ebc0d286056d72
size 1378879
